This file contains any messages produced by compilers while
running configure, to aid debugging if configure makes a mistake.

It was created by user_manager configure 1.0, which was
generated by GNU Autoconf 2.71.  Invocation command line was

  $ ./configure

## --------- ##
## Platform. ##
## --------- ##

hostname = learn
uname -m = aarch64
uname -r = 6.8.0-44-generic
uname -s = Linux
uname -v = #44-Ubuntu SMP PREEMPT_DYNAMIC Tue Aug 13 14:20:20 UTC 2024

/usr/bin/uname -p = aarch64
/bin/uname -X     = unknown

/bin/arch              = aarch64
/usr/bin/arch -k       = unknown
/usr/convex/getsysinfo = unknown
/usr/bin/hostinfo      = unknown
/bin/machine           = unknown
/usr/bin/oslevel       = unknown
/bin/universe          = unknown

PATH: /home/lpiombini/.local/bin/
PATH: /home/lpiombini/.cargo/bin/
PATH: /usr/local/sbin/
PATH: /usr/local/bin/
PATH: /usr/sbin/
PATH: /usr/bin/
PATH: /sbin/
PATH: /bin/
PATH: /usr/games/
PATH: /usr/local/games/
PATH: /snap/bin/
PATH: /snap/bin/


## ----------- ##
## Core tests. ##
## ----------- ##

configure:2278: checking for gcc
configure:2299: found /usr/bin/gcc
configure:2310: result: gcc
configure:2663: checking for C compiler version
configure:2672: gcc --version >&5
gcc (Ubuntu 13.3.0-6ubuntu2~24.04) 13.3.0
Copyright (C) 2023 Free Software Foundation, Inc.
This is free software; see the source for copying conditions.  There is NO
warranty; not even for MERCHANTABILITY or FITNESS FOR A PARTICULAR PURPOSE.

configure:2683: $? = 0
configure:2672: gcc -v >&5
Using built-in specs.
COLLECT_GCC=gcc
COLLECT_LTO_WRAPPER=/usr/libexec/gcc/aarch64-linux-gnu/13/lto-wrapper
OFFLOAD_TARGET_NAMES=nvptx-none
OFFLOAD_TARGET_DEFAULT=1
Target: aarch64-linux-gnu
Configured with: ../src/configure -v --with-pkgversion='Ubuntu 13.3.0-6ubuntu2~24.04' --with-bugurl=file:///usr/share/doc/gcc-13/README.Bugs --enable-languages=c,ada,c++,go,d,fortran,objc,obj-c++,m2 --prefix=/usr --with-gcc-major-version-only --program-suffix=-13 --program-prefix=aarch64-linux-gnu- --enable-shared --enable-linker-build-id --libexecdir=/usr/libexec --without-included-gettext --enable-threads=posix --libdir=/usr/lib --enable-nls --enable-bootstrap --enable-clocale=gnu --enable-libstdcxx-debug --enable-libstdcxx-time=yes --with-default-libstdcxx-abi=new --enable-libstdcxx-backtrace --enable-gnu-unique-object --disable-libquadmath --disable-libquadmath-support --enable-plugin --enable-default-pie --with-system-zlib --enable-libphobos-checking=release --with-target-system-zlib=auto --enable-objc-gc=auto --enable-multiarch --enable-fix-cortex-a53-843419 --disable-werror --enable-offload-targets=nvptx-none=/build/gcc-13-Nz4ro4/gcc-13-13.3.0/debian/tmp-nvptx/usr --enable-offload-defaulted --without-cuda-driver --enable-checking=release --build=aarch64-linux-gnu --host=aarch64-linux-gnu --target=aarch64-linux-gnu --with-build-config=bootstrap-lto-lean --enable-link-serialization=2
Thread model: posix
Supported LTO compression algorithms: zlib zstd
gcc version 13.3.0 (Ubuntu 13.3.0-6ubuntu2~24.04) 
... rest of stderr output deleted ...
configure:2683: $? = 0
configure:2672: gcc -V >&5
gcc: error: unrecognized command-line option '-V'
gcc: fatal error: no input files
compilation terminated.
configure:2683: $? = 1
configure:2672: gcc -qversion >&5
gcc: error: unrecognized command-line option '-qversion'; did you mean '--version'?
gcc: fatal error: no input files
compilation terminated.
configure:2683: $? = 1
configure:2672: gcc -version >&5
gcc: error: unrecognized command-line option '-version'
gcc: fatal error: no input files
compilation terminated.
configure:2683: $? = 1
configure:2703: checking whether the C compiler works
configure:2725: gcc    conftest.c  >&5
configure:2729: $? = 0
configure:2779: result: yes
configure:2782: checking for C compiler default output file name
configure:2784: result: a.out
configure:2790: checking for suffix of executables
configure:2797: gcc -o conftest    conftest.c  >&5
configure:2801: $? = 0
configure:2824: result: 
configure:2846: checking whether we are cross compiling
configure:2854: gcc -o conftest    conftest.c  >&5
configure:2858: $? = 0
configure:2865: ./conftest
configure:2869: $? = 0
configure:2884: result: no
configure:2889: checking for suffix of object files
configure:2912: gcc -c   conftest.c >&5
configure:2916: $? = 0
configure:2938: result: o
configure:2942: checking whether the compiler supports GNU C
configure:2962: gcc -c   conftest.c >&5
configure:2962: $? = 0
configure:2972: result: yes
configure:2983: checking whether gcc accepts -g
configure:3004: gcc -c -g  conftest.c >&5
configure:3004: $? = 0
configure:3048: result: yes
configure:3068: checking for gcc option to enable C11 features
configure:3083: gcc  -c -g -O2  conftest.c >&5
configure:3083: $? = 0
configure:3101: result: none needed
configure:3222: checking for stdio.h
configure:3222: gcc -c -g -O2 -I/usr/local/include  conftest.c >&5
configure:3222: $? = 0
configure:3222: result: yes
configure:3222: checking for stdlib.h
configure:3222: gcc -c -g -O2 -I/usr/local/include  conftest.c >&5
configure:3222: $? = 0
configure:3222: result: yes
configure:3222: checking for string.h
configure:3222: gcc -c -g -O2 -I/usr/local/include  conftest.c >&5
configure:3222: $? = 0
configure:3222: result: yes
configure:3222: checking for inttypes.h
configure:3222: gcc -c -g -O2 -I/usr/local/include  conftest.c >&5
configure:3222: $? = 0
configure:3222: result: yes
configure:3222: checking for stdint.h
configure:3222: gcc -c -g -O2 -I/usr/local/include  conftest.c >&5
configure:3222: $? = 0
configure:3222: result: yes
configure:3222: checking for strings.h
configure:3222: gcc -c -g -O2 -I/usr/local/include  conftest.c >&5
configure:3222: $? = 0
configure:3222: result: yes
configure:3222: checking for sys/stat.h
configure:3222: gcc -c -g -O2 -I/usr/local/include  conftest.c >&5
configure:3222: $? = 0
configure:3222: result: yes
configure:3222: checking for sys/types.h
configure:3222: gcc -c -g -O2 -I/usr/local/include  conftest.c >&5
configure:3222: $? = 0
configure:3222: result: yes
configure:3222: checking for unistd.h
configure:3222: gcc -c -g -O2 -I/usr/local/include  conftest.c >&5
configure:3222: $? = 0
configure:3222: result: yes
configure:3249: checking for str_op.h
configure:3249: gcc -c -g -O2 -I/usr/local/include  conftest.c >&5
configure:3249: $? = 0
configure:3249: result: yes
configure:3269: checking for main in -lstrOP
configure:3289: gcc -o conftest -g -O2 -I/usr/local/include   -L/usr/local/lib conftest.c -lstrOP   >&5
configure:3289: $? = 0
configure:3299: result: yes
configure:3432: creating ./config.status

## ---------------------- ##
## Running config.status. ##
## ---------------------- ##

This file was extended by user_manager config.status 1.0, which was
generated by GNU Autoconf 2.71.  Invocation command line was

  CONFIG_FILES    = 
  CONFIG_HEADERS  = 
  CONFIG_LINKS    = 
  CONFIG_COMMANDS = 
  $ ./config.status 

on learn

config.status:791: creating Makefile
config.status:791: creating config.h

## ---------------- ##
## Cache variables. ##
## ---------------- ##

ac_cv_c_compiler_gnu=yes
ac_cv_env_CC_set=
ac_cv_env_CC_value=
ac_cv_env_CFLAGS_set=
ac_cv_env_CFLAGS_value=
ac_cv_env_CPPFLAGS_set=
ac_cv_env_CPPFLAGS_value=
ac_cv_env_LDFLAGS_set=
ac_cv_env_LDFLAGS_value=
ac_cv_env_LIBS_set=
ac_cv_env_LIBS_value=
ac_cv_env_build_alias_set=
ac_cv_env_build_alias_value=
ac_cv_env_host_alias_set=
ac_cv_env_host_alias_value=
ac_cv_env_target_alias_set=
ac_cv_env_target_alias_value=
ac_cv_header_inttypes_h=yes
ac_cv_header_stdint_h=yes
ac_cv_header_stdio_h=yes
ac_cv_header_stdlib_h=yes
ac_cv_header_str_op_h=yes
ac_cv_header_string_h=yes
ac_cv_header_strings_h=yes
ac_cv_header_sys_stat_h=yes
ac_cv_header_sys_types_h=yes
ac_cv_header_unistd_h=yes
ac_cv_lib_strOP_main=yes
ac_cv_objext=o
ac_cv_prog_ac_ct_CC=gcc
ac_cv_prog_cc_c11=
ac_cv_prog_cc_g=yes
ac_cv_prog_cc_stdc=

## ----------------- ##
## Output variables. ##
## ----------------- ##

CC='gcc'
CFLAGS='-g -O2 -I/usr/local/include'
CPPFLAGS=''
DEFS='-DHAVE_CONFIG_H'
ECHO_C=''
ECHO_N='-n'
ECHO_T=''
EXEEXT=''
LDFLAGS=' -L/usr/local/lib'
LIBOBJS=''
LIBS=''
LTLIBOBJS=''
OBJEXT='o'
PACKAGE_BUGREPORT='lorenzopiombini3@gmail.com'
PACKAGE_NAME='user_manager'
PACKAGE_STRING='user_manager 1.0'
PACKAGE_TARNAME='user_manager'
PACKAGE_URL=''
PACKAGE_VERSION='1.0'
PATH_SEPARATOR=':'
SHELL='/bin/bash'
ac_ct_CC='gcc'
bindir='${exec_prefix}/bin'
build_alias=''
datadir='${datarootdir}'
datarootdir='${prefix}/share'
docdir='${datarootdir}/doc/${PACKAGE_TARNAME}'
dvidir='${docdir}'
exec_prefix='${prefix}'
host_alias=''
htmldir='${docdir}'
includedir='${prefix}/include'
infodir='${datarootdir}/info'
libdir='${exec_prefix}/lib'
libexecdir='${exec_prefix}/libexec'
localedir='${datarootdir}/locale'
localstatedir='${prefix}/var'
mandir='${datarootdir}/man'
oldincludedir='/usr/include'
pdfdir='${docdir}'
prefix='/usr/local'
program_transform_name='s,x,x,'
psdir='${docdir}'
runstatedir='${localstatedir}/run'
sbindir='${exec_prefix}/sbin'
sharedstatedir='${prefix}/com'
sysconfdir='${prefix}/etc'
target_alias=''

## ----------- ##
## confdefs.h. ##
## ----------- ##

/* confdefs.h */
#define PACKAGE_NAME "user_manager"
#define PACKAGE_TARNAME "user_manager"
#define PACKAGE_VERSION "1.0"
#define PACKAGE_STRING "user_manager 1.0"
#define PACKAGE_BUGREPORT "lorenzopiombini3@gmail.com"
#define PACKAGE_URL ""
#define HAVE_STDIO_H 1
#define HAVE_STDLIB_H 1
#define HAVE_STRING_H 1
#define HAVE_INTTYPES_H 1
#define HAVE_STDINT_H 1
#define HAVE_STRINGS_H 1
#define HAVE_SYS_STAT_H 1
#define HAVE_SYS_TYPES_H 1
#define HAVE_UNISTD_H 1
#define STDC_HEADERS 1
#define HAVE_STR_OP_H 1
#define HAVE_STR_OP_H 1
#define HAVE_LIBSTROP 1

configure: exit 0
